<?xml version="1.0" encoding="UTF-8"?>
<!-- Generated by org.testng.reporters.JUnitXMLReporter -->
<testsuite ignored="1" hostname="DESKTOP-U9123IR" failures="0" tests="1" name="Default test" time="25.403" errors="0" timestamp="2023-03-01T17:22:39 GET">
  <testcase classname="webdrivercommands.CloseAndQuit" name="quitTest" time="25.371"/>
  <testcase classname="webdrivercommands.CloseAndQuit" name="closeTest" time="0.0">
    <ignored/>
  </testcase> <!-- closeTest -->
</testsuite> <!-- Default test -->
