<?xml version="1.0" encoding="UTF-8"?>
<testng-results ignored="0" total="1" passed="1" failed="0" skipped="0">
  <reporter-output>
  </reporter-output>
  <suite started-at="2023-03-20T18:50:21 GET" name="Default suite" finished-at="2023-03-20T18:50:41 GET" duration-ms="20340">
    <groups>
    </groups>
    <test started-at="2023-03-20T18:50:21 GET" name="Default test" finished-at="2023-03-20T18:50:41 GET" duration-ms="20340">
      <class name="switchingwindowstest.WindowSwitchTest">
        <test-method signature="testWindow()[pri:0, instance:switchingwindowstest.WindowSwitchTest@59662a0b]" started-at="2023-03-20T18:50:21 GET" name="testWindow" finished-at="2023-03-20T18:50:41 GET" duration-ms="20295" status="PASS">
          <reporter-output>
          </reporter-output>
        </test-method> <!-- testWindow -->
      </class> <!-- switchingwindowstest.WindowSwitchTest -->
    </test> <!-- Default test -->
  </suite> <!-- Default suite -->
</testng-results>
