<?xml version="1.0" encoding="UTF-8"?>
<testng-results ignored="0" total="1" passed="1" failed="0" skipped="0">
  <reporter-output>
  </reporter-output>
  <suite started-at="2023-03-01T16:52:04 GET" name="Default suite" finished-at="2023-03-01T16:52:07 GET" duration-ms="3381">
    <groups>
    </groups>
    <test started-at="2023-03-01T16:52:04 GET" name="Default test" finished-at="2023-03-01T16:52:07 GET" duration-ms="3381">
      <class name="headless.HtmlUnitHeadless">
        <test-method signature="HtmlUnitHeadlessTest()[pri:0, instance:headless.HtmlUnitHeadless@7e07db1f]" started-at="2023-03-01T16:52:04 GET" name="HtmlUnitHeadlessTest" finished-at="2023-03-01T16:52:07 GET" duration-ms="3314" status="PASS">
          <reporter-output>
          </reporter-output>
        </test-method> <!-- HtmlUnitHeadlessTest -->
      </class> <!-- headless.HtmlUnitHeadless -->
    </test> <!-- Default test -->
  </suite> <!-- Default suite -->
</testng-results>
